<?xml version="1.0" encoding="UTF-8"?>
<testng-results ignored="0" total="1" passed="1" failed="0" skipped="0">
  <reporter-output>
    <line>
      <![CDATA[Hi...]]>
    </line>
  </reporter-output>
  <suite started-at="2021-02-09T21:22:19 IST" name="Default suite" finished-at="2021-02-09T21:22:19 IST" duration-ms="99">
    <groups>
    </groups>
    <test started-at="2021-02-09T21:22:19 IST" name="Default test" finished-at="2021-02-09T21:22:19 IST" duration-ms="99">
      <class name="Demo1">
        <test-method signature="TC()[pri:0, instance:Demo1@23529fee]" started-at="2021-02-09T21:22:19 IST" name="TC" finished-at="2021-02-09T21:22:19 IST" duration-ms="20" status="PASS">
          <reporter-output>
            <line>
              <![CDATA[Hi...]]>
            </line>
          </reporter-output>
        </test-method> <!-- TC -->
      </class> <!-- Demo1 -->
    </test> <!-- Default test -->
  </suite> <!-- Default suite -->
</testng-results>
